<?xml version="1.0" encoding="UTF-8"?>
<testng-results ignored="0" total="1" passed="1" failed="0" skipped="0">
  <reporter-output>
  </reporter-output>
  <suite started-at="2025-06-23T20:40:42 IST" name="Default suite" finished-at="2025-06-23T20:40:51 IST" duration-ms="9477">
    <groups>
    </groups>
    <test started-at="2025-06-23T20:40:42 IST" name="Default test" finished-at="2025-06-23T20:40:51 IST" duration-ms="9477">
      <class name="extentreports.Assignment">
        <test-method signature="demowebshopScreenShot()[pri:0, instance:extentreports.Assignment@3012646b]" started-at="2025-06-23T20:40:42 IST" name="demowebshopScreenShot" finished-at="2025-06-23T20:40:51 IST" duration-ms="9420" status="PASS">
          <reporter-output>
          </reporter-output>
        </test-method> <!-- demowebshopScreenShot -->
      </class> <!-- extentreports.Assignment -->
    </test> <!-- Default test -->
  </suite> <!-- Default suite -->
</testng-results>
